Analysis & Synthesis report for lab4
Sat Oct 01 15:54:10 2022
Quartus Prime Version 18.1.0 Build 625 09/12/2018 SJ Lite Edition


---------------------
; Table of Contents ;
---------------------
  1. Legal Notice
  2. Analysis & Synthesis Summary
  3. Analysis & Synthesis Settings
  4. Parallel Compilation
  5. Analysis & Synthesis Source Files Read
  6. Analysis & Synthesis Resource Usage Summary
  7. Analysis & Synthesis Resource Utilization by Entity
  8. State Machine - |multiplier|control:run|curr_state
  9. Registers Removed During Synthesis
 10. General Register Statistics
 11. Multiplexer Restructuring Statistics (Restructuring Performed)
 12. Port Connectivity Checks: "ripple_adder:adder|subtract:asdfasdf|full_adder:FA9"
 13. Port Connectivity Checks: "ripple_adder:adder|addition:asdf|full_adder:FA0"
 14. Port Connectivity Checks: "ripple_adder:adder|addition:asdf"
 15. Port Connectivity Checks: "ripple_adder:adder"
 16. Port Connectivity Checks: "router:route"
 17. Port Connectivity Checks: "reg_8:B"
 18. Post-Synthesis Netlist Statistics for Top Partition
 19. Elapsed Time Per Partition
 20. Analysis & Synthesis Messages
 21. Analysis & Synthesis Suppressed Messages



----------------
; Legal Notice ;
----------------
Copyright (C) 2018  Intel Corporation. All rights reserved.
Your use of Intel Corporation's design tools, logic functions 
and other software and tools, and its AMPP partner logic 
functions, and any output files from any of the foregoing 
(including device programming or simulation files), and any 
associated documentation or information are expressly subject 
to the terms and conditions of the Intel Program License 
Subscription Agreement, the Intel Quartus Prime License Agreement,
the Intel FPGA IP License Agreement, or other applicable license
agreement, including, without limitation, that your use is for
the sole purpose of programming logic devices manufactured by
Intel and sold by Intel or its authorized distributors.  Please
refer to the applicable agreement for further details.



+----------------------------------------------------------------------------------+
; Analysis & Synthesis Summary                                                     ;
+------------------------------------+---------------------------------------------+
; Analysis & Synthesis Status        ; Successful - Sat Oct 01 15:54:10 2022       ;
; Quartus Prime Version              ; 18.1.0 Build 625 09/12/2018 SJ Lite Edition ;
; Revision Name                      ; lab4                                        ;
; Top-level Entity Name              ; multiplier                                  ;
; Family                             ; MAX 10                                      ;
; Total logic elements               ; 113                                         ;
;     Total combinational functions  ; 113                                         ;
;     Dedicated logic registers      ; 35                                          ;
; Total registers                    ; 35                                          ;
; Total pins                         ; 70                                          ;
; Total virtual pins                 ; 0                                           ;
; Total memory bits                  ; 0                                           ;
; Embedded Multiplier 9-bit elements ; 0                                           ;
; Total PLLs                         ; 0                                           ;
; UFM blocks                         ; 0                                           ;
; ADC blocks                         ; 0                                           ;
+------------------------------------+---------------------------------------------+


+------------------------------------------------------------------------------------------------------------+
; Analysis & Synthesis Settings                                                                              ;
+------------------------------------------------------------------+--------------------+--------------------+
; Option                                                           ; Setting            ; Default Value      ;
+------------------------------------------------------------------+--------------------+--------------------+
; Device                                                           ; 10M50DAF484C7G     ;                    ;
; Top-level entity name                                            ; multiplier         ; lab4               ;
; Family name                                                      ; MAX 10             ; Cyclone V          ;
; Use smart compilation                                            ; Off                ; Off                ;
; Enable parallel Assembler and Timing Analyzer during compilation ; On                 ; On                 ;
; Enable compact report table                                      ; Off                ; Off                ;
; Restructure Multiplexers                                         ; Auto               ; Auto               ;
; Create Debugging Nodes for IP Cores                              ; Off                ; Off                ;
; Preserve fewer node names                                        ; On                 ; On                 ;
; Intel FPGA IP Evaluation Mode                                    ; Enable             ; Enable             ;
; Verilog Version                                                  ; Verilog_2001       ; Verilog_2001       ;
; VHDL Version                                                     ; VHDL_1993          ; VHDL_1993          ;
; State Machine Processing                                         ; Auto               ; Auto               ;
; Safe State Machine                                               ; Off                ; Off                ;
; Extract Verilog State Machines                                   ; On                 ; On                 ;
; Extract VHDL State Machines                                      ; On                 ; On                 ;
; Ignore Verilog initial constructs                                ; Off                ; Off                ;
; Iteration limit for constant Verilog loops                       ; 5000               ; 5000               ;
; Iteration limit for non-constant Verilog loops                   ; 250                ; 250                ;
; Add Pass-Through Logic to Inferred RAMs                          ; On                 ; On                 ;
; Infer RAMs from Raw Logic                                        ; On                 ; On                 ;
; Parallel Synthesis                                               ; On                 ; On                 ;
; DSP Block Balancing                                              ; Auto               ; Auto               ;
; NOT Gate Push-Back                                               ; On                 ; On                 ;
; Power-Up Don't Care                                              ; On                 ; On                 ;
; Remove Redundant Logic Cells                                     ; Off                ; Off                ;
; Remove Duplicate Registers                                       ; On                 ; On                 ;
; Ignore CARRY Buffers                                             ; Off                ; Off                ;
; Ignore CASCADE Buffers                                           ; Off                ; Off                ;
; Ignore GLOBAL Buffers                                            ; Off                ; Off                ;
; Ignore ROW GLOBAL Buffers                                        ; Off                ; Off                ;
; Ignore LCELL Buffers                                             ; Off                ; Off                ;
; Ignore SOFT Buffers                                              ; On                 ; On                 ;
; Limit AHDL Integers to 32 Bits                                   ; Off                ; Off                ;
; Optimization Technique                                           ; Balanced           ; Balanced           ;
; Carry Chain Length                                               ; 70                 ; 70                 ;
; Auto Carry Chains                                                ; On                 ; On                 ;
; Auto Open-Drain Pins                                             ; On                 ; On                 ;
; Perform WYSIWYG Primitive Resynthesis                            ; Off                ; Off                ;
; Auto ROM Replacement                                             ; On                 ; On                 ;
; Auto RAM Replacement                                             ; On                 ; On                 ;
; Auto DSP Block Replacement                                       ; On                 ; On                 ;
; Auto Shift Register Replacement                                  ; Auto               ; Auto               ;
; Allow Shift Register Merging across Hierarchies                  ; Auto               ; Auto               ;
; Auto Clock Enable Replacement                                    ; On                 ; On                 ;
; Strict RAM Replacement                                           ; Off                ; Off                ;
; Allow Synchronous Control Signals                                ; On                 ; On                 ;
; Force Use of Synchronous Clear Signals                           ; Off                ; Off                ;
; Auto RAM Block Balancing                                         ; On                 ; On                 ;
; Auto RAM to Logic Cell Conversion                                ; Off                ; Off                ;
; Auto Resource Sharing                                            ; Off                ; Off                ;
; Allow Any RAM Size For Recognition                               ; Off                ; Off                ;
; Allow Any ROM Size For Recognition                               ; Off                ; Off                ;
; Allow Any Shift Register Size For Recognition                    ; Off                ; Off                ;
; Use LogicLock Constraints during Resource Balancing              ; On                 ; On                 ;
; Ignore translate_off and synthesis_off directives                ; Off                ; Off                ;
; Timing-Driven Synthesis                                          ; On                 ; On                 ;
; Report Parameter Settings                                        ; On                 ; On                 ;
; Report Source Assignments                                        ; On                 ; On                 ;
; Report Connectivity Checks                                       ; On                 ; On                 ;
; Ignore Maximum Fan-Out Assignments                               ; Off                ; Off                ;
; Synchronization Register Chain Length                            ; 2                  ; 2                  ;
; Power Optimization During Synthesis                              ; Normal compilation ; Normal compilation ;
; HDL message level                                                ; Level2             ; Level2             ;
; Suppress Register Optimization Related Messages                  ; Off                ; Off                ;
; Number of Removed Registers Reported in Synthesis Report         ; 5000               ; 5000               ;
; Number of Swept Nodes Reported in Synthesis Report               ; 5000               ; 5000               ;
; Number of Inverted Registers Reported in Synthesis Report        ; 100                ; 100                ;
; Clock MUX Protection                                             ; On                 ; On                 ;
; Auto Gated Clock Conversion                                      ; Off                ; Off                ;
; Block Design Naming                                              ; Auto               ; Auto               ;
; SDC constraint protection                                        ; Off                ; Off                ;
; Synthesis Effort                                                 ; Auto               ; Auto               ;
; Shift Register Replacement - Allow Asynchronous Clear Signal     ; On                 ; On                 ;
; Pre-Mapping Resynthesis Optimization                             ; Off                ; Off                ;
; Analysis & Synthesis Message Level                               ; Medium             ; Medium             ;
; Disable Register Merging Across Hierarchies                      ; Auto               ; Auto               ;
; Resource Aware Inference For Block RAM                           ; On                 ; On                 ;
+------------------------------------------------------------------+--------------------+--------------------+


+------------------------------------------+
; Parallel Compilation                     ;
+----------------------------+-------------+
; Processors                 ; Number      ;
+----------------------------+-------------+
; Number detected on machine ; 8           ;
; Maximum allowed            ; 4           ;
;                            ;             ;
; Average used               ; 1.00        ;
; Maximum used               ; 4           ;
;                            ;             ;
; Usage by Processor         ; % Time Used ;
;     Processor 1            ; 100.0%      ;
;     Processors 2-4         ;   0.0%      ;
+----------------------------+-------------+


+-------------------------------------------------------------------------------------------------------------------------------------------------------------+
; Analysis & Synthesis Source Files Read                                                                                                                      ;
+----------------------------------+-----------------+------------------------------+---------------------------------------------------------------+---------+
; File Name with User-Entered Path ; Used in Netlist ; File Type                    ; File Name with Absolute Path                                  ; Library ;
+----------------------------------+-----------------+------------------------------+---------------------------------------------------------------+---------+
; router.sv                        ; yes             ; User SystemVerilog HDL File  ; C:/Users/kayla/OneDrive/Documents/ECE385/lab4/router.sv       ;         ;
; ripple_adder.sv                  ; yes             ; User SystemVerilog HDL File  ; C:/Users/kayla/OneDrive/Documents/ECE385/lab4/ripple_adder.sv ;         ;
; reg_17.sv                        ; yes             ; User SystemVerilog HDL File  ; C:/Users/kayla/OneDrive/Documents/ECE385/lab4/reg_17.sv       ;         ;
; multiplier.sv                    ; yes             ; User SystemVerilog HDL File  ; C:/Users/kayla/OneDrive/Documents/ECE385/lab4/multiplier.sv   ;         ;
; Hex_driver.sv                    ; yes             ; User SystemVerilog HDL File  ; C:/Users/kayla/OneDrive/Documents/ECE385/lab4/Hex_driver.sv   ;         ;
; control.sv                       ; yes             ; User SystemVerilog HDL File  ; C:/Users/kayla/OneDrive/Documents/ECE385/lab4/control.sv      ;         ;
+----------------------------------+-----------------+------------------------------+---------------------------------------------------------------+---------+


+----------------------------------------------------------------------+
; Analysis & Synthesis Resource Usage Summary                          ;
+---------------------------------------------+------------------------+
; Resource                                    ; Usage                  ;
+---------------------------------------------+------------------------+
; Estimated Total logic elements              ; 113                    ;
;                                             ;                        ;
; Total combinational functions               ; 113                    ;
; Logic element usage by number of LUT inputs ;                        ;
;     -- 4 input functions                    ; 64                     ;
;     -- 3 input functions                    ; 32                     ;
;     -- <=2 input functions                  ; 17                     ;
;                                             ;                        ;
; Logic elements by mode                      ;                        ;
;     -- normal mode                          ; 113                    ;
;     -- arithmetic mode                      ; 0                      ;
;                                             ;                        ;
; Total registers                             ; 35                     ;
;     -- Dedicated logic registers            ; 35                     ;
;     -- I/O registers                        ; 0                      ;
;                                             ;                        ;
; I/O pins                                    ; 70                     ;
;                                             ;                        ;
; Embedded Multiplier 9-bit elements          ; 0                      ;
;                                             ;                        ;
; Maximum fan-out node                        ; Reset_Load_Clear~input ;
; Maximum fan-out                             ; 36                     ;
; Total fan-out                               ; 642                    ;
; Average fan-out                             ; 2.23                   ;
+---------------------------------------------+------------------------+


+----------------------------------------------------------------------------------------------------------------------------------------------------------------------------------------------------------------------------------------------------------------------------------+
; Analysis & Synthesis Resource Utilization by Entity                                                                                                                                                                                                                              ;
+----------------------------+---------------------+---------------------------+-------------+------------+--------------+---------+-----------+------+--------------+------------+------------------------------------------------------------------+--------------+--------------+
; Compilation Hierarchy Node ; Combinational ALUTs ; Dedicated Logic Registers ; Memory Bits ; UFM Blocks ; DSP Elements ; DSP 9x9 ; DSP 18x18 ; Pins ; Virtual Pins ; ADC blocks ; Full Hierarchy Name                                              ; Entity Name  ; Library Name ;
+----------------------------+---------------------+---------------------------+-------------+------------+--------------+---------+-----------+------+--------------+------------+------------------------------------------------------------------+--------------+--------------+
; |multiplier                ; 113 (0)             ; 35 (0)                    ; 0           ; 0          ; 0            ; 0       ; 0         ; 70   ; 0            ; 0          ; |multiplier                                                      ; multiplier   ; work         ;
;    |HexDriver:AHex0|       ; 7 (7)               ; 0 (0)                     ; 0           ; 0          ; 0            ; 0       ; 0         ; 0    ; 0            ; 0          ; |multiplier|HexDriver:AHex0                                      ; HexDriver    ; work         ;
;    |HexDriver:AHex1|       ; 7 (7)               ; 0 (0)                     ; 0           ; 0          ; 0            ; 0       ; 0         ; 0    ; 0            ; 0          ; |multiplier|HexDriver:AHex1                                      ; HexDriver    ; work         ;
;    |HexDriver:BHex0|       ; 7 (7)               ; 0 (0)                     ; 0           ; 0          ; 0            ; 0       ; 0         ; 0    ; 0            ; 0          ; |multiplier|HexDriver:BHex0                                      ; HexDriver    ; work         ;
;    |HexDriver:BHex1|       ; 7 (7)               ; 0 (0)                     ; 0           ; 0          ; 0            ; 0       ; 0         ; 0    ; 0            ; 0          ; |multiplier|HexDriver:BHex1                                      ; HexDriver    ; work         ;
;    |HexDriver:BHex2|       ; 7 (7)               ; 0 (0)                     ; 0           ; 0          ; 0            ; 0       ; 0         ; 0    ; 0            ; 0          ; |multiplier|HexDriver:BHex2                                      ; HexDriver    ; work         ;
;    |HexDriver:BHex3|       ; 7 (7)               ; 0 (0)                     ; 0           ; 0          ; 0            ; 0       ; 0         ; 0    ; 0            ; 0          ; |multiplier|HexDriver:BHex3                                      ; HexDriver    ; work         ;
;    |control:run|           ; 24 (24)             ; 18 (18)                   ; 0           ; 0          ; 0            ; 0       ; 0         ; 0    ; 0            ; 0          ; |multiplier|control:run                                          ; control      ; work         ;
;    |reg_1:X|               ; 1 (1)               ; 1 (1)                     ; 0           ; 0          ; 0            ; 0       ; 0         ; 0    ; 0            ; 0          ; |multiplier|reg_1:X                                              ; reg_1        ; work         ;
;    |reg_8:A|               ; 10 (10)             ; 8 (8)                     ; 0           ; 0          ; 0            ; 0       ; 0         ; 0    ; 0            ; 0          ; |multiplier|reg_8:A                                              ; reg_8        ; work         ;
;    |reg_8:B|               ; 8 (8)               ; 8 (8)                     ; 0           ; 0          ; 0            ; 0       ; 0         ; 0    ; 0            ; 0          ; |multiplier|reg_8:B                                              ; reg_8        ; work         ;
;    |ripple_adder:adder|    ; 27 (0)              ; 0 (0)                     ; 0           ; 0          ; 0            ; 0       ; 0         ; 0    ; 0            ; 0          ; |multiplier|ripple_adder:adder                                   ; ripple_adder ; work         ;
;       |addition:asdf|      ; 12 (0)              ; 0 (0)                     ; 0           ; 0          ; 0            ; 0       ; 0         ; 0    ; 0            ; 0          ; |multiplier|ripple_adder:adder|addition:asdf                     ; addition     ; work         ;
;          |full_adder:FA1|  ; 2 (2)               ; 0 (0)                     ; 0           ; 0          ; 0            ; 0       ; 0         ; 0    ; 0            ; 0          ; |multiplier|ripple_adder:adder|addition:asdf|full_adder:FA1      ; full_adder   ; work         ;
;          |full_adder:FA2|  ; 2 (2)               ; 0 (0)                     ; 0           ; 0          ; 0            ; 0       ; 0         ; 0    ; 0            ; 0          ; |multiplier|ripple_adder:adder|addition:asdf|full_adder:FA2      ; full_adder   ; work         ;
;          |full_adder:FA3|  ; 1 (1)               ; 0 (0)                     ; 0           ; 0          ; 0            ; 0       ; 0         ; 0    ; 0            ; 0          ; |multiplier|ripple_adder:adder|addition:asdf|full_adder:FA3      ; full_adder   ; work         ;
;          |full_adder:FA4|  ; 4 (4)               ; 0 (0)                     ; 0           ; 0          ; 0            ; 0       ; 0         ; 0    ; 0            ; 0          ; |multiplier|ripple_adder:adder|addition:asdf|full_adder:FA4      ; full_adder   ; work         ;
;          |full_adder:FA5|  ; 2 (2)               ; 0 (0)                     ; 0           ; 0          ; 0            ; 0       ; 0         ; 0    ; 0            ; 0          ; |multiplier|ripple_adder:adder|addition:asdf|full_adder:FA5      ; full_adder   ; work         ;
;          |full_adder:FA7|  ; 1 (1)               ; 0 (0)                     ; 0           ; 0          ; 0            ; 0       ; 0         ; 0    ; 0            ; 0          ; |multiplier|ripple_adder:adder|addition:asdf|full_adder:FA7      ; full_adder   ; work         ;
;       |mux2:mux74|         ; 1 (1)               ; 0 (0)                     ; 0           ; 0          ; 0            ; 0       ; 0         ; 0    ; 0            ; 0          ; |multiplier|ripple_adder:adder|mux2:mux74                        ; mux2         ; work         ;
;       |subtract:asdfasdf|  ; 14 (0)              ; 0 (0)                     ; 0           ; 0          ; 0            ; 0       ; 0         ; 0    ; 0            ; 0          ; |multiplier|ripple_adder:adder|subtract:asdfasdf                 ; subtract     ; work         ;
;          |full_adder:FA10| ; 2 (2)               ; 0 (0)                     ; 0           ; 0          ; 0            ; 0       ; 0         ; 0    ; 0            ; 0          ; |multiplier|ripple_adder:adder|subtract:asdfasdf|full_adder:FA10 ; full_adder   ; work         ;
;          |full_adder:FA11| ; 2 (2)               ; 0 (0)                     ; 0           ; 0          ; 0            ; 0       ; 0         ; 0    ; 0            ; 0          ; |multiplier|ripple_adder:adder|subtract:asdfasdf|full_adder:FA11 ; full_adder   ; work         ;
;          |full_adder:FA12| ; 1 (1)               ; 0 (0)                     ; 0           ; 0          ; 0            ; 0       ; 0         ; 0    ; 0            ; 0          ; |multiplier|ripple_adder:adder|subtract:asdfasdf|full_adder:FA12 ; full_adder   ; work         ;
;          |full_adder:FA13| ; 5 (5)               ; 0 (0)                     ; 0           ; 0          ; 0            ; 0       ; 0         ; 0    ; 0            ; 0          ; |multiplier|ripple_adder:adder|subtract:asdfasdf|full_adder:FA13 ; full_adder   ; work         ;
;          |full_adder:FA14| ; 2 (2)               ; 0 (0)                     ; 0           ; 0          ; 0            ; 0       ; 0         ; 0    ; 0            ; 0          ; |multiplier|ripple_adder:adder|subtract:asdfasdf|full_adder:FA14 ; full_adder   ; work         ;
;          |full_adder:FA16| ; 2 (2)               ; 0 (0)                     ; 0           ; 0          ; 0            ; 0       ; 0         ; 0    ; 0            ; 0          ; |multiplier|ripple_adder:adder|subtract:asdfasdf|full_adder:FA16 ; full_adder   ; work         ;
;    |router:route|          ; 1 (1)               ; 0 (0)                     ; 0           ; 0          ; 0            ; 0       ; 0         ; 0    ; 0            ; 0          ; |multiplier|router:route                                         ; router       ; work         ;
+----------------------------+---------------------+---------------------------+-------------+------------+--------------+---------+-----------+------+--------------+------------+------------------------------------------------------------------+--------------+--------------+
Note: For table entries with two numbers listed, the numbers in parentheses indicate the number of resources of the given type used by the specific entity alone. The numbers listed outside of parentheses indicate the total resources of the given type used by the specific entity and all of its sub-entities in the hierarchy.


Encoding Type:  One-Hot
+--------------------------------------------------------------------------------------------------------------------------------------------------------------------------------------------------------------------------------------------------------------------------------------------+
; State Machine - |multiplier|control:run|curr_state                                                                                                                                                                                                                                         ;
+--------------+--------------+--------------+--------------+--------------+--------------+--------------+--------------+--------------+--------------+--------------+--------------+--------------+--------------+--------------+--------------+--------------+--------------+--------------+
; Name         ; curr_state.R ; curr_state.Q ; curr_state.P ; curr_state.O ; curr_state.N ; curr_state.M ; curr_state.L ; curr_state.K ; curr_state.J ; curr_state.I ; curr_state.H ; curr_state.G ; curr_state.F ; curr_state.E ; curr_state.D ; curr_state.C ; curr_state.B ; curr_state.A ;
+--------------+--------------+--------------+--------------+--------------+--------------+--------------+--------------+--------------+--------------+--------------+--------------+--------------+--------------+--------------+--------------+--------------+--------------+--------------+
; curr_state.A ; 0            ; 0            ; 0            ; 0            ; 0            ; 0            ; 0            ; 0            ; 0            ; 0            ; 0            ; 0            ; 0            ; 0            ; 0            ; 0            ; 0            ; 0            ;
; curr_state.B ; 0            ; 0            ; 0            ; 0            ; 0            ; 0            ; 0            ; 0            ; 0            ; 0            ; 0            ; 0            ; 0            ; 0            ; 0            ; 0            ; 1            ; 1            ;
; curr_state.C ; 0            ; 0            ; 0            ; 0            ; 0            ; 0            ; 0            ; 0            ; 0            ; 0            ; 0            ; 0            ; 0            ; 0            ; 0            ; 1            ; 0            ; 1            ;
; curr_state.D ; 0            ; 0            ; 0            ; 0            ; 0            ; 0            ; 0            ; 0            ; 0            ; 0            ; 0            ; 0            ; 0            ; 0            ; 1            ; 0            ; 0            ; 1            ;
; curr_state.E ; 0            ; 0            ; 0            ; 0            ; 0            ; 0            ; 0            ; 0            ; 0            ; 0            ; 0            ; 0            ; 0            ; 1            ; 0            ; 0            ; 0            ; 1            ;
; curr_state.F ; 0            ; 0            ; 0            ; 0            ; 0            ; 0            ; 0            ; 0            ; 0            ; 0            ; 0            ; 0            ; 1            ; 0            ; 0            ; 0            ; 0            ; 1            ;
; curr_state.G ; 0            ; 0            ; 0            ; 0            ; 0            ; 0            ; 0            ; 0            ; 0            ; 0            ; 0            ; 1            ; 0            ; 0            ; 0            ; 0            ; 0            ; 1            ;
; curr_state.H ; 0            ; 0            ; 0            ; 0            ; 0            ; 0            ; 0            ; 0            ; 0            ; 0            ; 1            ; 0            ; 0            ; 0            ; 0            ; 0            ; 0            ; 1            ;
; curr_state.I ; 0            ; 0            ; 0            ; 0            ; 0            ; 0            ; 0            ; 0            ; 0            ; 1            ; 0            ; 0            ; 0            ; 0            ; 0            ; 0            ; 0            ; 1            ;
; curr_state.J ; 0            ; 0            ; 0            ; 0            ; 0            ; 0            ; 0            ; 0            ; 1            ; 0            ; 0            ; 0            ; 0            ; 0            ; 0            ; 0            ; 0            ; 1            ;
; curr_state.K ; 0            ; 0            ; 0            ; 0            ; 0            ; 0            ; 0            ; 1            ; 0            ; 0            ; 0            ; 0            ; 0            ; 0            ; 0            ; 0            ; 0            ; 1            ;
; curr_state.L ; 0            ; 0            ; 0            ; 0            ; 0            ; 0            ; 1            ; 0            ; 0            ; 0            ; 0            ; 0            ; 0            ; 0            ; 0            ; 0            ; 0            ; 1            ;
; curr_state.M ; 0            ; 0            ; 0            ; 0            ; 0            ; 1            ; 0            ; 0            ; 0            ; 0            ; 0            ; 0            ; 0            ; 0            ; 0            ; 0            ; 0            ; 1            ;
; curr_state.N ; 0            ; 0            ; 0            ; 0            ; 1            ; 0            ; 0            ; 0            ; 0            ; 0            ; 0            ; 0            ; 0            ; 0            ; 0            ; 0            ; 0            ; 1            ;
; curr_state.O ; 0            ; 0            ; 0            ; 1            ; 0            ; 0            ; 0            ; 0            ; 0            ; 0            ; 0            ; 0            ; 0            ; 0            ; 0            ; 0            ; 0            ; 1            ;
; curr_state.P ; 0            ; 0            ; 1            ; 0            ; 0            ; 0            ; 0            ; 0            ; 0            ; 0            ; 0            ; 0            ; 0            ; 0            ; 0            ; 0            ; 0            ; 1            ;
; curr_state.Q ; 0            ; 1            ; 0            ; 0            ; 0            ; 0            ; 0            ; 0            ; 0            ; 0            ; 0            ; 0            ; 0            ; 0            ; 0            ; 0            ; 0            ; 1            ;
; curr_state.R ; 1            ; 0            ; 0            ; 0            ; 0            ; 0            ; 0            ; 0            ; 0            ; 0            ; 0            ; 0            ; 0            ; 0            ; 0            ; 0            ; 0            ; 1            ;
+--------------+--------------+--------------+--------------+--------------+--------------+--------------+--------------+--------------+--------------+--------------+--------------+--------------+--------------+--------------+--------------+--------------+--------------+--------------+


+------------------------------------------------------------+
; Registers Removed During Synthesis                         ;
+---------------------------------------+--------------------+
; Register name                         ; Reason for Removal ;
+---------------------------------------+--------------------+
; control:run|curr_state~4              ; Lost fanout        ;
; control:run|curr_state~5              ; Lost fanout        ;
; control:run|curr_state~6              ; Lost fanout        ;
; control:run|curr_state~7              ; Lost fanout        ;
; control:run|curr_state~8              ; Lost fanout        ;
; control:run|curr_state~9              ; Lost fanout        ;
; Total Number of Removed Registers = 6 ;                    ;
+---------------------------------------+--------------------+


+------------------------------------------------------+
; General Register Statistics                          ;
+----------------------------------------------+-------+
; Statistic                                    ; Value ;
+----------------------------------------------+-------+
; Total registers                              ; 35    ;
; Number of registers using Synchronous Clear  ; 0     ;
; Number of registers using Synchronous Load   ; 8     ;
; Number of registers using Asynchronous Clear ; 27    ;
; Number of registers using Asynchronous Load  ; 0     ;
; Number of registers using Clock Enable       ; 14    ;
; Number of registers using Preset             ; 0     ;
+----------------------------------------------+-------+


+-----------------------------------------------------------------------------------------------------------------------------------------------+
; Multiplexer Restructuring Statistics (Restructuring Performed)                                                                                ;
+--------------------+-----------+---------------+----------------------+------------------------+------------+---------------------------------+
; Multiplexer Inputs ; Bus Width ; Baseline Area ; Area if Restructured ; Saving if Restructured ; Registered ; Example Multiplexer Output      ;
+--------------------+-----------+---------------+----------------------+------------------------+------------+---------------------------------+
; 3:1                ; 8 bits    ; 16 LEs        ; 8 LEs                ; 8 LEs                  ; Yes        ; |multiplier|reg_8:B|Data_Out[0] ;
; 4:1                ; 6 bits    ; 12 LEs        ; 12 LEs               ; 0 LEs                  ; Yes        ; |multiplier|reg_8:A|Data_Out[4] ;
+--------------------+-----------+---------------+----------------------+------------------------+------------+---------------------------------+


+---------------------------------------------------------------------------------------------------------------------------------------------------------------------------------------------------------------+
; Port Connectivity Checks: "ripple_adder:adder|subtract:asdfasdf|full_adder:FA9"                                                                                                                               ;
+-------+-------+----------+------------------------------------------------------------------------------------------------------------------------------------------------------------------------------------+
; Port  ; Type  ; Severity ; Details                                                                                                                                                                            ;
+-------+-------+----------+------------------------------------------------------------------------------------------------------------------------------------------------------------------------------------+
; z     ; Input ; Warning  ; Input port expression (32 bits) is wider than the input port (1 bits) it drives.  The 31 most-significant bit(s) in the expression will be dangling if they have no other fanouts. ;
; z[-1] ; Input ; Info     ; Stuck at VCC                                                                                                                                                                       ;
+-------+-------+----------+------------------------------------------------------------------------------------------------------------------------------------------------------------------------------------+


+---------------------------------------------------------------------------------------------------------------------------------------------------------------------------------------------------------------+
; Port Connectivity Checks: "ripple_adder:adder|addition:asdf|full_adder:FA0"                                                                                                                                   ;
+-------+-------+----------+------------------------------------------------------------------------------------------------------------------------------------------------------------------------------------+
; Port  ; Type  ; Severity ; Details                                                                                                                                                                            ;
+-------+-------+----------+------------------------------------------------------------------------------------------------------------------------------------------------------------------------------------+
; z     ; Input ; Warning  ; Input port expression (32 bits) is wider than the input port (1 bits) it drives.  The 31 most-significant bit(s) in the expression will be dangling if they have no other fanouts. ;
; z[-1] ; Input ; Info     ; Stuck at GND                                                                                                                                                                       ;
+-------+-------+----------+------------------------------------------------------------------------------------------------------------------------------------------------------------------------------------+


+----------------------------------------------------------------------------------------------------------------+
; Port Connectivity Checks: "ripple_adder:adder|addition:asdf"                                                   ;
+------+--------+----------+-------------------------------------------------------------------------------------+
; Port ; Type   ; Severity ; Details                                                                             ;
+------+--------+----------+-------------------------------------------------------------------------------------+
; cout ; Output ; Info     ; Connected to dangling logic. Logic that only feeds a dangling port will be removed. ;
+------+--------+----------+-------------------------------------------------------------------------------------+


+------------------------------------------------------------------------------------------------------------------------------------------------------------------------------------------------------------------+
; Port Connectivity Checks: "ripple_adder:adder"                                                                                                                                                                   ;
+---------+--------+----------+------------------------------------------------------------------------------------------------------------------------------------------------------------------------------------+
; Port    ; Type   ; Severity ; Details                                                                                                                                                                            ;
+---------+--------+----------+------------------------------------------------------------------------------------------------------------------------------------------------------------------------------------+
; cin     ; Input  ; Warning  ; Input port expression (32 bits) is wider than the input port (1 bits) it drives.  The 31 most-significant bit(s) in the expression will be dangling if they have no other fanouts. ;
; cin[-1] ; Input  ; Info     ; Stuck at GND                                                                                                                                                                       ;
; S[8]    ; Output ; Info     ; Connected to dangling logic. Logic that only feeds a dangling port will be removed.                                                                                                ;
; cout    ; Output ; Info     ; Connected to dangling logic. Logic that only feeds a dangling port will be removed.                                                                                                ;
+---------+--------+----------+------------------------------------------------------------------------------------------------------------------------------------------------------------------------------------+


+-----------------------------------------------------------------------------------------------------------------------------------------------------------------------------------+
; Port Connectivity Checks: "router:route"                                                                                                                                          ;
+--------------+--------+----------+------------------------------------------------------------------------------------------------------------------------------------------------+
; Port         ; Type   ; Severity ; Details                                                                                                                                        ;
+--------------+--------+----------+------------------------------------------------------------------------------------------------------------------------------------------------+
; A_In         ; Input  ; Warning  ; Input port expression (8 bits) is smaller than the input port (16 bits) it drives.  Extra input bit(s) "A_In[15..8]" will be connected to GND. ;
; Q_Out[16..8] ; Output ; Info     ; Connected to dangling logic. Logic that only feeds a dangling port will be removed.                                                            ;
+--------------+--------+----------+------------------------------------------------------------------------------------------------------------------------------------------------+


+---------------------------------------------------------------------------------------------------------------------+
; Port Connectivity Checks: "reg_8:B"                                                                                 ;
+-----------+--------+----------+-------------------------------------------------------------------------------------+
; Port      ; Type   ; Severity ; Details                                                                             ;
+-----------+--------+----------+-------------------------------------------------------------------------------------+
; Reset     ; Input  ; Info     ; Explicitly unconnected                                                              ;
; Shift_Out ; Output ; Info     ; Connected to dangling logic. Logic that only feeds a dangling port will be removed. ;
+-----------+--------+----------+-------------------------------------------------------------------------------------+


+-----------------------------------------------------+
; Post-Synthesis Netlist Statistics for Top Partition ;
+-----------------------+-----------------------------+
; Type                  ; Count                       ;
+-----------------------+-----------------------------+
; boundary_port         ; 70                          ;
; cycloneiii_ff         ; 35                          ;
;     CLR               ; 19                          ;
;     CLR SLD           ; 2                           ;
;     ENA               ; 8                           ;
;     ENA CLR SLD       ; 6                           ;
; cycloneiii_lcell_comb ; 119                         ;
;     normal            ; 119                         ;
;         1 data inputs ; 6                           ;
;         2 data inputs ; 17                          ;
;         3 data inputs ; 32                          ;
;         4 data inputs ; 64                          ;
;                       ;                             ;
; Max LUT depth         ; 6.00                        ;
; Average LUT depth     ; 2.50                        ;
+-----------------------+-----------------------------+


+-------------------------------+
; Elapsed Time Per Partition    ;
+----------------+--------------+
; Partition Name ; Elapsed Time ;
+----------------+--------------+
; Top            ; 00:00:00     ;
+----------------+--------------+


+-------------------------------+
; Analysis & Synthesis Messages ;
+-------------------------------+
Info: *******************************************************************
Info: Running Quartus Prime Analysis & Synthesis
    Info: Version 18.1.0 Build 625 09/12/2018 SJ Lite Edition
    Info: Processing started: Sat Oct 01 15:54:00 2022
Info: Command: quartus_map --read_settings_files=on --write_settings_files=off lab4 -c lab4
Warning (18236): Number of processors has not been specified which may cause overloading on shared machines.  Set the global assignment NUM_PARALLEL_PROCESSORS in your QSF to an appropriate value for best performance.
Info (20030): Parallel compilation is enabled and will use 4 of the 4 processors detected
Warning (10090): Verilog HDL syntax warning at subtract.sv(19): extra block comment delimiter characters /* within block comment File: C:/Users/kayla/OneDrive/Documents/ECE385/lab4/subtract.sv Line: 19
Info (12021): Found 0 design units, including 0 entities, in source file subtract.sv
Info (12021): Found 1 design units, including 1 entities, in source file router.sv
    Info (12023): Found entity 1: router File: C:/Users/kayla/OneDrive/Documents/ECE385/lab4/router.sv Line: 3
Info (12021): Found 5 design units, including 5 entities, in source file ripple_adder.sv
    Info (12023): Found entity 1: full_adder File: C:/Users/kayla/OneDrive/Documents/ECE385/lab4/ripple_adder.sv Line: 3
    Info (12023): Found entity 2: ripple_adder File: C:/Users/kayla/OneDrive/Documents/ECE385/lab4/ripple_adder.sv Line: 11
    Info (12023): Found entity 3: mux2 File: C:/Users/kayla/OneDrive/Documents/ECE385/lab4/ripple_adder.sv Line: 40
    Info (12023): Found entity 4: addition File: C:/Users/kayla/OneDrive/Documents/ECE385/lab4/ripple_adder.sv Line: 58
    Info (12023): Found entity 5: subtract File: C:/Users/kayla/OneDrive/Documents/ECE385/lab4/ripple_adder.sv Line: 87
Info (12021): Found 2 design units, including 2 entities, in source file reg_17.sv
    Info (12023): Found entity 1: reg_8 File: C:/Users/kayla/OneDrive/Documents/ECE385/lab4/reg_17.sv Line: 2
    Info (12023): Found entity 2: reg_1 File: C:/Users/kayla/OneDrive/Documents/ECE385/lab4/reg_17.sv Line: 29
Info (12021): Found 0 design units, including 0 entities, in source file multiply.sv
Info (12021): Found 1 design units, including 1 entities, in source file multiplier.sv
    Info (12023): Found entity 1: multiplier File: C:/Users/kayla/OneDrive/Documents/ECE385/lab4/multiplier.sv Line: 1
Info (12021): Found 1 design units, including 1 entities, in source file hex_driver.sv
    Info (12023): Found entity 1: HexDriver File: C:/Users/kayla/OneDrive/Documents/ECE385/lab4/Hex_driver.sv Line: 1
Info (12021): Found 1 design units, including 1 entities, in source file control.sv
    Info (12023): Found entity 1: control File: C:/Users/kayla/OneDrive/Documents/ECE385/lab4/control.sv Line: 1
Info (12021): Found 1 design units, including 1 entities, in source file testbench.sv
    Info (12023): Found entity 1: testbench File: C:/Users/kayla/OneDrive/Documents/ECE385/lab4/testbench.sv Line: 1
Info (12127): Elaborating entity "multiplier" for the top level hierarchy
Info (12128): Elaborating entity "control" for hierarchy "control:run" File: C:/Users/kayla/OneDrive/Documents/ECE385/lab4/multiplier.sv Line: 24
Warning (10272): Verilog HDL Case Statement warning at control.sv(140): case item expression covers a value already covered by a previous case item File: C:/Users/kayla/OneDrive/Documents/ECE385/lab4/control.sv Line: 140
Warning (10272): Verilog HDL Case Statement warning at control.sv(198): case item expression covers a value already covered by a previous case item File: C:/Users/kayla/OneDrive/Documents/ECE385/lab4/control.sv Line: 198
Info (12128): Elaborating entity "reg_8" for hierarchy "reg_8:A" File: C:/Users/kayla/OneDrive/Documents/ECE385/lab4/multiplier.sv Line: 26
Info (12128): Elaborating entity "reg_1" for hierarchy "reg_1:X" File: C:/Users/kayla/OneDrive/Documents/ECE385/lab4/multiplier.sv Line: 28
Info (12128): Elaborating entity "router" for hierarchy "router:route" File: C:/Users/kayla/OneDrive/Documents/ECE385/lab4/multiplier.sv Line: 32
Info (12128): Elaborating entity "ripple_adder" for hierarchy "ripple_adder:adder" File: C:/Users/kayla/OneDrive/Documents/ECE385/lab4/multiplier.sv Line: 34
Warning (10034): Output port "cout" at ripple_adder.sv(18) has no driver File: C:/Users/kayla/OneDrive/Documents/ECE385/lab4/ripple_adder.sv Line: 18
Info (12128): Elaborating entity "addition" for hierarchy "ripple_adder:adder|addition:asdf" File: C:/Users/kayla/OneDrive/Documents/ECE385/lab4/ripple_adder.sv Line: 28
Info (12128): Elaborating entity "full_adder" for hierarchy "ripple_adder:adder|addition:asdf|full_adder:FA0" File: C:/Users/kayla/OneDrive/Documents/ECE385/lab4/ripple_adder.sv Line: 74
Info (12128): Elaborating entity "subtract" for hierarchy "ripple_adder:adder|subtract:asdfasdf" File: C:/Users/kayla/OneDrive/Documents/ECE385/lab4/ripple_adder.sv Line: 29
Info (12128): Elaborating entity "mux2" for hierarchy "ripple_adder:adder|mux2:mux74" File: C:/Users/kayla/OneDrive/Documents/ECE385/lab4/ripple_adder.sv Line: 33
Info (12128): Elaborating entity "HexDriver" for hierarchy "HexDriver:AHex0" File: C:/Users/kayla/OneDrive/Documents/ECE385/lab4/multiplier.sv Line: 44
Warning (12241): 4 hierarchies have connectivity warnings - see the Connectivity Checks report folder
Info (286030): Timing-Driven Synthesis is running
Info (17049): 6 registers lost all their fanouts during netlist optimizations.
Info (144001): Generated suppressed messages file C:/Users/kayla/OneDrive/Documents/ECE385/lab4/output_files/lab4.map.smsg
Info (16010): Generating hard_block partition "hard_block:auto_generated_inst"
    Info (16011): Adding 0 node(s), including 0 DDIO, 0 PLL, 0 transceiver and 0 LCELL
Info (21057): Implemented 183 device resources after synthesis - the final resource count might be different
    Info (21058): Implemented 11 input pins
    Info (21059): Implemented 59 output pins
    Info (21061): Implemented 113 logic cells
Info: Quartus Prime Analysis & Synthesis was successful. 0 errors, 6 warnings
    Info: Peak virtual memory: 4767 megabytes
    Info: Processing ended: Sat Oct 01 15:54:10 2022
    Info: Elapsed time: 00:00:10
    Info: Total CPU time (on all processors): 00:00:22


+------------------------------------------+
; Analysis & Synthesis Suppressed Messages ;
+------------------------------------------+
The suppressed messages can be found in C:/Users/kayla/OneDrive/Documents/ECE385/lab4/output_files/lab4.map.smsg.


